2016-11-22 12:55:22.352  INFO 8060 --- [restartedMain] c.g.b.a.Application                      : Starting Application on GPLPLW1015 with PID 8060 (C:\Users\arhd\IdeaProjects\technicalchallenge1\target\classes started by arhd in C:\Users\arhd\IdeaProjects\technicalchallenge1)
2016-11-22 12:55:22.352  INFO 8060 --- [restartedMain] c.g.b.a.Application                      : No active profile set, falling back to default profiles: default
2016-11-22 12:55:23.189  INFO 8060 --- [restartedMain] ationConfigEmbeddedWebApplicationContext : Refreshing org.springframework.boot.context.embedded.AnnotationConfigEmbeddedWebApplicationContext@3d47eab2: startup date [Tue Nov 22 12:55:23 CET 2016]; root of context hierarchy
2016-11-22 12:55:26.194  INFO 8060 --- [restartedMain] s.b.c.e.t.TomcatEmbeddedServletContainer : Tomcat initialized with port(s): 8080 (http)
2016-11-22 12:55:26.230  INFO 8060 --- [restartedMain] o.a.c.c.StandardService                  : Starting service Tomcat
2016-11-22 12:55:26.232  INFO 8060 --- [restartedMain] o.a.c.c.StandardEngine                   : Starting Servlet Engine: Apache Tomcat/8.5.5
2016-11-22 12:55:26.377  INFO 8060 --- [localhost-startStop-1] o.a.c.c.C.[.[.[/]                        : Initializing Spring embedded WebApplicationContext
2016-11-22 12:55:26.377  INFO 8060 --- [localhost-startStop-1] o.s.w.c.ContextLoader                    : Root WebApplicationContext: initialization completed in 3193 ms
2016-11-22 12:55:26.627  INFO 8060 --- [localhost-startStop-1] o.s.b.w.s.ServletRegistrationBean        : Mapping servlet: 'dispatcherServlet' to [/]
2016-11-22 12:55:26.627  INFO 8060 --- [localhost-startStop-1] o.s.b.w.s.FilterRegistrationBean         : Mapping filter: 'characterEncodingFilter' to: [/*]
2016-11-22 12:55:26.627  INFO 8060 --- [localhost-startStop-1] o.s.b.w.s.FilterRegistrationBean         : Mapping filter: 'hiddenHttpMethodFilter' to: [/*]
2016-11-22 12:55:26.627  INFO 8060 --- [localhost-startStop-1] o.s.b.w.s.FilterRegistrationBean         : Mapping filter: 'httpPutFormContentFilter' to: [/*]
2016-11-22 12:55:26.627  INFO 8060 --- [localhost-startStop-1] o.s.b.w.s.FilterRegistrationBean         : Mapping filter: 'requestContextFilter' to: [/*]
2016-11-22 12:55:26.627  INFO 8060 --- [localhost-startStop-1] o.s.b.w.s.FilterRegistrationBean         : Mapping filter: 'resourceUrlEncodingFilter' to: [/*]
2016-11-22 12:55:26.961  INFO 8060 --- [restartedMain] s.w.s.m.m.a.RequestMappingHandlerAdapter : Looking for @ControllerAdvice: org.springframework.boot.context.embedded.AnnotationConfigEmbeddedWebApplicationContext@3d47eab2: startup date [Tue Nov 22 12:55:23 CET 2016]; root of context hierarchy
2016-11-22 12:55:27.039  INFO 8060 --- [restartedMain] s.w.s.m.m.a.RequestMappingHandlerMapping : Mapped "{[/error]}" onto public org.springframework.http.ResponseEntity<java.util.Map<java.lang.String, java.lang.Object>> org.springframework.boot.autoconfigure.web.BasicErrorController.error(javax.servlet.http.HttpServletRequest)
2016-11-22 12:55:27.039  INFO 8060 --- [restartedMain] s.w.s.m.m.a.RequestMappingHandlerMapping : Mapped "{[/error],produces=[text/html]}" onto public org.springframework.web.servlet.ModelAndView org.springframework.boot.autoconfigure.web.BasicErrorController.errorHtml(javax.servlet.http.HttpServletRequest,javax.servlet.http.HttpServletResponse)
2016-11-22 12:55:27.332  INFO 8060 --- [restartedMain] o.s.w.s.h.SimpleUrlHandlerMapping        : Mapped URL path [/webjars/**] onto handler of type [class org.springframework.web.servlet.resource.ResourceHttpRequestHandler]
2016-11-22 12:55:27.332  INFO 8060 --- [restartedMain] o.s.w.s.h.SimpleUrlHandlerMapping        : Mapped URL path [/**] onto handler of type [class org.springframework.web.servlet.resource.ResourceHttpRequestHandler]
2016-11-22 12:55:27.363  INFO 8060 --- [restartedMain] o.s.w.s.h.SimpleUrlHandlerMapping        : Mapped URL path [/**/favicon.ico] onto handler of type [class org.springframework.web.servlet.resource.ResourceHttpRequestHandler]
2016-11-22 12:55:27.879  INFO 8060 --- [restartedMain] oConfiguration$WelcomePageHandlerMapping : Adding welcome page: class path resource [static/index.html]
2016-11-22 12:55:27.992  INFO 8060 --- [restartedMain] o.s.b.d.a.OptionalLiveReloadServer       : LiveReload server is running on port 35729
2016-11-22 12:55:28.054  INFO 8060 --- [restartedMain] o.s.j.e.a.AnnotationMBeanExporter        : Registering beans for JMX exposure on startup
2016-11-22 12:55:28.138  INFO 8060 --- [restartedMain] s.b.c.e.t.TomcatEmbeddedServletContainer : Tomcat started on port(s): 8080 (http)
2016-11-22 12:55:28.144  INFO 8060 --- [restartedMain] c.g.b.a.Application                      : Started Application in 6.431 seconds (JVM running for 7.466)
